<?xml version="1.0" encoding="UTF-8"?>
<robot generator="Robot 3.2.1 (Python 3.7.7 on win32)" generated="20200622 17:09:03.305" rpa="false">
<suite id="s1" name="TestCases" source="C:\Users\LaythAF\PycharmProjects\ApiTesting\TestCases">
<suite id="s1-s1" name="TC1 GET Base Url" source="C:\Users\LaythAF\PycharmProjects\ApiTesting\TestCases\TC1_GET_Base_Url.robot">
<test id="s1-s1-t1" name="Get_base_url">
<kw name="Create Session" library="RequestsLibrary">
<doc>Create Session: create a HTTP session to a server</doc>
<arguments>
<arg>baseSession</arg>
<arg>${base_url}</arg>
</arguments>
<msg timestamp="20200622 17:09:03.444" level="INFO">Creating Session using : alias=baseSession, url=http://localhost:8080, headers={},                     cookies={}, auth=None, timeout=None, proxies=None, verify=False,                     debug=0 </msg>
<status status="PASS" starttime="20200622 17:09:03.444" endtime="20200622 17:09:03.444"></status>
</kw>
<kw name="Get Request" library="RequestsLibrary">
<doc>Send a GET request on the session object found using the
given `alias`</doc>
<arguments>
<arg>baseSession</arg>
<arg>/${api_url}</arg>
</arguments>
<assign>
<var>${response}</var>
</assign>
<msg timestamp="20200622 17:09:03.454" level="INFO">GET Request : url=http://localhost:8080/CloudService/api 
 path_url=/CloudService/api 
 headers={'User-Agent': 'python-requests/2.24.0', 'Accept-Encoding': 'gzip, deflate', 'Accept': '*/*', 'Connection': 'keep-alive'} 
 body=None 
 </msg>
<msg timestamp="20200622 17:09:03.455" level="INFO">GET Response : url=http://localhost:8080/CloudService/api 
 status=200, reason= 
 body=Welcome to the cloud service api 
 </msg>
<msg timestamp="20200622 17:09:03.455" level="INFO">${response} = &lt;Response [200]&gt;</msg>
<status status="PASS" starttime="20200622 17:09:03.445" endtime="20200622 17:09:03.455"></status>
</kw>
<kw name="Set Variable" library="BuiltIn">
<doc>Returns the given values which can then be assigned to a variables.</doc>
<arguments>
<arg>${response.status_code}</arg>
</arguments>
<assign>
<var>${status_code}</var>
</assign>
<msg timestamp="20200622 17:09:03.456" level="INFO">${status_code} = 200</msg>
<status status="PASS" starttime="20200622 17:09:03.455" endtime="20200622 17:09:03.456"></status>
</kw>
<kw name="Convert To String" library="BuiltIn">
<doc>Converts the given item to a Unicode string.</doc>
<arguments>
<arg>${status_code}</arg>
</arguments>
<assign>
<var>${status_code}</var>
</assign>
<msg timestamp="20200622 17:09:03.456" level="INFO">${status_code} = 200</msg>
<status status="PASS" starttime="20200622 17:09:03.456" endtime="20200622 17:09:03.456"></status>
</kw>
<kw name="Should Be Equal" library="BuiltIn">
<doc>Fails if the given objects are unequal.</doc>
<arguments>
<arg>${status_code}</arg>
<arg>200</arg>
</arguments>
<status status="PASS" starttime="20200622 17:09:03.457" endtime="20200622 17:09:03.457"></status>
</kw>
<status status="PASS" starttime="20200622 17:09:03.443" endtime="20200622 17:09:03.457" critical="yes"></status>
</test>
<status status="PASS" starttime="20200622 17:09:03.336" endtime="20200622 17:09:03.459"></status>
</suite>
<suite id="s1-s2" name="TC2 Invalid Input1" source="C:\Users\LaythAF\PycharmProjects\ApiTesting\TestCases\TC2_Invalid_Input1.robot">
<test id="s1-s2-t1" name="Get_base_url">
<kw name="Create Session" library="RequestsLibrary">
<doc>Create Session: create a HTTP session to a server</doc>
<arguments>
<arg>baseSession</arg>
<arg>${base_url}</arg>
</arguments>
<msg timestamp="20200622 17:09:03.464" level="INFO">Creating Session using : alias=baseSession, url=http://localhost:8080, headers={},                     cookies={}, auth=None, timeout=None, proxies=None, verify=False,                     debug=0 </msg>
<status status="PASS" starttime="20200622 17:09:03.464" endtime="20200622 17:09:03.465"></status>
</kw>
<kw name="Get Request" library="RequestsLibrary">
<doc>Send a GET request on the session object found using the
given `alias`</doc>
<arguments>
<arg>baseSession</arg>
<arg>/${api_url}</arg>
</arguments>
<assign>
<var>${response}</var>
</assign>
<msg timestamp="20200622 17:09:03.499" level="INFO">GET Request : url=http://localhost:8080/CloudService/api/servers/allocate?size=150 
 path_url=/CloudService/api/servers/allocate?size=150 
 headers={'User-Agent': 'python-requests/2.24.0', 'Accept-Encoding': 'gzip, deflate', 'Accept': '*/*', 'Connection': 'keep-alive'} 
 body=None 
 </msg>
<msg timestamp="20200622 17:09:03.500" level="INFO">GET Response : url=http://localhost:8080/CloudService/api/servers/allocate?size=150 
 status=200, reason= 
 body=Maximum server size is 100 Giga 
 </msg>
<msg timestamp="20200622 17:09:03.500" level="INFO">${response} = &lt;Response [200]&gt;</msg>
<status status="PASS" starttime="20200622 17:09:03.465" endtime="20200622 17:09:03.500"></status>
</kw>
<kw name="Set Variable" library="BuiltIn">
<doc>Returns the given values which can then be assigned to a variables.</doc>
<arguments>
<arg>${response.content}</arg>
</arguments>
<assign>
<var>${body}</var>
</assign>
<msg timestamp="20200622 17:09:03.501" level="INFO">${body} = Maximum server size is 100 Giga</msg>
<status status="PASS" starttime="20200622 17:09:03.500" endtime="20200622 17:09:03.501"></status>
</kw>
<kw name="Convert To String" library="BuiltIn">
<doc>Converts the given item to a Unicode string.</doc>
<arguments>
<arg>${body}</arg>
</arguments>
<assign>
<var>${body}</var>
</assign>
<msg timestamp="20200622 17:09:03.501" level="INFO">${body} = Maximum server size is 100 Giga</msg>
<status status="PASS" starttime="20200622 17:09:03.501" endtime="20200622 17:09:03.501"></status>
</kw>
<kw name="Log To Console" library="BuiltIn">
<doc>Logs the given message to the console.</doc>
<arguments>
<arg>${body}</arg>
</arguments>
<status status="PASS" starttime="20200622 17:09:03.502" endtime="20200622 17:09:03.502"></status>
</kw>
<kw name="Set Variable" library="BuiltIn">
<doc>Returns the given values which can then be assigned to a variables.</doc>
<arguments>
<arg>Maximum server size is 100 Giga</arg>
</arguments>
<assign>
<var>${Invalid_Response}</var>
</assign>
<msg timestamp="20200622 17:09:03.503" level="INFO">${Invalid_Response} = Maximum server size is 100 Giga</msg>
<status status="PASS" starttime="20200622 17:09:03.503" endtime="20200622 17:09:03.503"></status>
</kw>
<kw name="Should Contain" library="BuiltIn">
<doc>Fails if ``container`` does not contain ``item`` one or more times.</doc>
<arguments>
<arg>${body}</arg>
<arg>${Invalid_Response}</arg>
</arguments>
<status status="PASS" starttime="20200622 17:09:03.503" endtime="20200622 17:09:03.504"></status>
</kw>
<status status="PASS" starttime="20200622 17:09:03.464" endtime="20200622 17:09:03.504" critical="yes"></status>
</test>
<status status="PASS" starttime="20200622 17:09:03.460" endtime="20200622 17:09:03.506"></status>
</suite>
<suite id="s1-s3" name="TC3 Invalid Input2" source="C:\Users\LaythAF\PycharmProjects\ApiTesting\TestCases\TC3_Invalid_Input2.robot">
<test id="s1-s3-t1" name="Get_base_url">
<kw name="Create Session" library="RequestsLibrary">
<doc>Create Session: create a HTTP session to a server</doc>
<arguments>
<arg>baseSession</arg>
<arg>${base_url}</arg>
</arguments>
<msg timestamp="20200622 17:09:03.512" level="INFO">Creating Session using : alias=baseSession, url=http://localhost:8080, headers={},                     cookies={}, auth=None, timeout=None, proxies=None, verify=False,                     debug=0 </msg>
<status status="PASS" starttime="20200622 17:09:03.512" endtime="20200622 17:09:03.512"></status>
</kw>
<kw name="Get Request" library="RequestsLibrary">
<doc>Send a GET request on the session object found using the
given `alias`</doc>
<arguments>
<arg>baseSession</arg>
<arg>/${api_url}</arg>
</arguments>
<assign>
<var>${response}</var>
</assign>
<msg timestamp="20200622 17:09:03.518" level="INFO">GET Request : url=http://localhost:8080/CloudService/api/servers/allocate?size=0 
 path_url=/CloudService/api/servers/allocate?size=0 
 headers={'User-Agent': 'python-requests/2.24.0', 'Accept-Encoding': 'gzip, deflate', 'Accept': '*/*', 'Connection': 'keep-alive'} 
 body=None 
 </msg>
<msg timestamp="20200622 17:09:03.518" level="INFO">GET Response : url=http://localhost:8080/CloudService/api/servers/allocate?size=0 
 status=200, reason= 
 body=Minimum server size is 1 Giga 
 </msg>
<msg timestamp="20200622 17:09:03.518" level="INFO">${response} = &lt;Response [200]&gt;</msg>
<status status="PASS" starttime="20200622 17:09:03.513" endtime="20200622 17:09:03.518"></status>
</kw>
<kw name="Set Variable" library="BuiltIn">
<doc>Returns the given values which can then be assigned to a variables.</doc>
<arguments>
<arg>${response.content}</arg>
</arguments>
<assign>
<var>${body}</var>
</assign>
<msg timestamp="20200622 17:09:03.519" level="INFO">${body} = Minimum server size is 1 Giga</msg>
<status status="PASS" starttime="20200622 17:09:03.519" endtime="20200622 17:09:03.519"></status>
</kw>
<kw name="Convert To String" library="BuiltIn">
<doc>Converts the given item to a Unicode string.</doc>
<arguments>
<arg>${body}</arg>
</arguments>
<assign>
<var>${body}</var>
</assign>
<msg timestamp="20200622 17:09:03.520" level="INFO">${body} = Minimum server size is 1 Giga</msg>
<status status="PASS" starttime="20200622 17:09:03.520" endtime="20200622 17:09:03.520"></status>
</kw>
<kw name="Log To Console" library="BuiltIn">
<doc>Logs the given message to the console.</doc>
<arguments>
<arg>${body}</arg>
</arguments>
<status status="PASS" starttime="20200622 17:09:03.520" endtime="20200622 17:09:03.521"></status>
</kw>
<kw name="Set Variable" library="BuiltIn">
<doc>Returns the given values which can then be assigned to a variables.</doc>
<arguments>
<arg>Minimum server size is 1 Giga</arg>
</arguments>
<assign>
<var>${Invalid_Response}</var>
</assign>
<msg timestamp="20200622 17:09:03.521" level="INFO">${Invalid_Response} = Minimum server size is 1 Giga</msg>
<status status="PASS" starttime="20200622 17:09:03.521" endtime="20200622 17:09:03.521"></status>
</kw>
<kw name="Should Contain" library="BuiltIn">
<doc>Fails if ``container`` does not contain ``item`` one or more times.</doc>
<arguments>
<arg>${body}</arg>
<arg>${Invalid_Response}</arg>
</arguments>
<status status="PASS" starttime="20200622 17:09:03.522" endtime="20200622 17:09:03.522"></status>
</kw>
<status status="PASS" starttime="20200622 17:09:03.511" endtime="20200622 17:09:03.522" critical="yes"></status>
</test>
<status status="PASS" starttime="20200622 17:09:03.508" endtime="20200622 17:09:03.524"></status>
</suite>
<suite id="s1-s4" name="TC4 Case 1" source="C:\Users\LaythAF\PycharmProjects\ApiTesting\TestCases\TC4_Case_1.robot">
<test id="s1-s4-t1" name="Get_base_url">
<kw name="Create Session" library="RequestsLibrary">
<doc>Create Session: create a HTTP session to a server</doc>
<arguments>
<arg>baseSession</arg>
<arg>${base_url}</arg>
</arguments>
<msg timestamp="20200622 17:09:03.638" level="INFO">Creating Session using : alias=baseSession, url=http://localhost:8080, headers={},                     cookies={}, auth=None, timeout=None, proxies=None, verify=False,                     debug=0 </msg>
<status status="PASS" starttime="20200622 17:09:03.637" endtime="20200622 17:09:03.638"></status>
</kw>
<kw name="Get Request" library="RequestsLibrary">
<doc>Send a GET request on the session object found using the
given `alias`</doc>
<arguments>
<arg>baseSession</arg>
<arg>/${api_url}</arg>
</arguments>
<assign>
<var>${response}</var>
</assign>
<msg timestamp="20200622 17:09:04.071" level="INFO">GET Request : url=http://localhost:8080/CloudService/api/servers 
 path_url=/CloudService/api/servers 
 headers={'User-Agent': 'python-requests/2.24.0', 'Accept-Encoding': 'gzip, deflate', 'Accept': '*/*', 'Connection': 'keep-alive'} 
 body=None 
 </msg>
<msg timestamp="20200622 17:09:04.071" level="INFO">GET Response : url=http://localhost:8080/CloudService/api/servers 
 status=200, reason= 
 body=[{"serverId":1,"allocatedSize":100,"freeSize":0,"creationDate":"Mon Jun 22 16:18:17 IDT 2020","active":true},{"serverId":2,"allocatedSize":50,"freeSize":50,"creationDate":"Mon Jun 22 16:19:04 IDT 2020","active":true}] 
 </msg>
<msg timestamp="20200622 17:09:04.071" level="INFO">${response} = &lt;Response [200]&gt;</msg>
<status status="PASS" starttime="20200622 17:09:03.638" endtime="20200622 17:09:04.071"></status>
</kw>
<kw name="To Json" library="RequestsLibrary">
<doc>Convert a string to a JSON object</doc>
<arguments>
<arg>${response.content}</arg>
</arguments>
<assign>
<var>${json_body}</var>
</assign>
<msg timestamp="20200622 17:09:04.072" level="INFO">To JSON using : content=[{"serverId":1,"allocatedSize":100,"freeSize":0,"creationDate":"Mon Jun 22 16:18:17 IDT 2020","active":true},{"serverId":2,"allocatedSize":50,"freeSize":50,"creationDate":"Mon Jun 22 16:19:04 IDT 2020","active":true}] </msg>
<msg timestamp="20200622 17:09:04.072" level="INFO">To JSON using : pretty_print=False </msg>
<msg timestamp="20200622 17:09:04.072" level="INFO">${json_body} = [{'serverId': 1, 'allocatedSize': 100, 'freeSize': 0, 'creationDate': 'Mon Jun 22 16:18:17 IDT 2020', 'active': True}, {'serverId': 2, 'allocatedSize': 50, 'freeSize': 50, 'creationDate': 'Mon Jun 22 ...</msg>
<status status="PASS" starttime="20200622 17:09:04.072" endtime="20200622 17:09:04.072"></status>
</kw>
<kw name="Convert To List" library="Collections">
<doc>Converts the given ``item`` to a Python ``list`` type.</doc>
<arguments>
<arg>${json_body}</arg>
</arguments>
<assign>
<var>${list}</var>
</assign>
<msg timestamp="20200622 17:09:04.073" level="INFO">${list} = [{'serverId': 1, 'allocatedSize': 100, 'freeSize': 0, 'creationDate': 'Mon Jun 22 16:18:17 IDT 2020', 'active': True}, {'serverId': 2, 'allocatedSize': 50, 'freeSize': 50, 'creationDate': 'Mon Jun 22 ...</msg>
<status status="PASS" starttime="20200622 17:09:04.073" endtime="20200622 17:09:04.073"></status>
</kw>
<kw name="Get Length" library="BuiltIn">
<doc>Returns and logs the length of the given item as an integer.</doc>
<arguments>
<arg>${list}</arg>
</arguments>
<assign>
<var>${count}</var>
</assign>
<msg timestamp="20200622 17:09:04.074" level="INFO">Length is 2</msg>
<msg timestamp="20200622 17:09:04.074" level="INFO">${count} = 2</msg>
<status status="PASS" starttime="20200622 17:09:04.074" endtime="20200622 17:09:04.074"></status>
</kw>
<kw name="Log To Console" library="BuiltIn">
<doc>Logs the given message to the console.</doc>
<arguments>
<arg>${count}</arg>
</arguments>
<status status="PASS" starttime="20200622 17:09:04.074" endtime="20200622 17:09:04.075"></status>
</kw>
<status status="PASS" starttime="20200622 17:09:03.637" endtime="20200622 17:09:04.075" critical="yes"></status>
</test>
<status status="PASS" starttime="20200622 17:09:03.525" endtime="20200622 17:09:04.077"></status>
</suite>
<status status="PASS" starttime="20200622 17:09:03.307" endtime="20200622 17:09:04.079"></status>
</suite>
<statistics>
<total>
<stat pass="4" fail="0">Critical Tests</stat>
<stat pass="4" fail="0">All Tests</stat>
</total>
<tag>
</tag>
<suite>
<stat pass="4" fail="0" id="s1" name="TestCases">TestCases</stat>
<stat pass="1" fail="0" id="s1-s1" name="TC1 GET Base Url">TestCases.TC1 GET Base Url</stat>
<stat pass="1" fail="0" id="s1-s2" name="TC2 Invalid Input1">TestCases.TC2 Invalid Input1</stat>
<stat pass="1" fail="0" id="s1-s3" name="TC3 Invalid Input2">TestCases.TC3 Invalid Input2</stat>
<stat pass="1" fail="0" id="s1-s4" name="TC4 Case 1">TestCases.TC4 Case 1</stat>
</suite>
</statistics>
<errors>
</errors>
</robot>
