<?xml version="1.0" encoding="UTF-8"?>
<robot generator="Robot 3.2.1 (Python 3.7.7 on win32)" generated="20200623 10:53:22.131" rpa="false">
<suite id="s1" name="TestCases" source="C:\Users\LaythAF\PycharmProjects\ApiTesting\TestCases">
<suite id="s1-s1" name="TC1 GET Base Url" source="C:\Users\LaythAF\PycharmProjects\ApiTesting\TestCases\TC1_GET_Base_Url.robot">
<test id="s1-s1-t1" name="Get_base_url">
<kw name="Create Session" library="RequestsLibrary">
<doc>Create Session: create a HTTP session to a server</doc>
<arguments>
<arg>baseSession</arg>
<arg>${base_url}</arg>
</arguments>
<msg timestamp="20200623 10:53:22.282" level="INFO">Creating Session using : alias=baseSession, url=http://localhost:8080, headers={},                     cookies={}, auth=None, timeout=None, proxies=None, verify=False,                     debug=0 </msg>
<status status="PASS" starttime="20200623 10:53:22.281" endtime="20200623 10:53:22.282"></status>
</kw>
<kw name="Get Request" library="RequestsLibrary">
<doc>Send a GET request on the session object found using the
given `alias`</doc>
<arguments>
<arg>baseSession</arg>
<arg>/${api_url}</arg>
</arguments>
<assign>
<var>${response}</var>
</assign>
<msg timestamp="20200623 10:53:22.294" level="INFO">GET Request : url=http://localhost:8080/CloudService/api 
 path_url=/CloudService/api 
 headers={'User-Agent': 'python-requests/2.24.0', 'Accept-Encoding': 'gzip, deflate', 'Accept': '*/*', 'Connection': 'keep-alive'} 
 body=None 
 </msg>
<msg timestamp="20200623 10:53:22.295" level="INFO">GET Response : url=http://localhost:8080/CloudService/api 
 status=200, reason= 
 body=Welcome to the cloud service api 
 </msg>
<msg timestamp="20200623 10:53:22.295" level="INFO">${response} = &lt;Response [200]&gt;</msg>
<status status="PASS" starttime="20200623 10:53:22.283" endtime="20200623 10:53:22.295"></status>
</kw>
<kw name="Set Variable" library="BuiltIn">
<doc>Returns the given values which can then be assigned to a variables.</doc>
<arguments>
<arg>${response.status_code}</arg>
</arguments>
<assign>
<var>${status_code}</var>
</assign>
<msg timestamp="20200623 10:53:22.296" level="INFO">${status_code} = 200</msg>
<status status="PASS" starttime="20200623 10:53:22.295" endtime="20200623 10:53:22.296"></status>
</kw>
<kw name="Convert To String" library="BuiltIn">
<doc>Converts the given item to a Unicode string.</doc>
<arguments>
<arg>${status_code}</arg>
</arguments>
<assign>
<var>${status_code}</var>
</assign>
<msg timestamp="20200623 10:53:22.297" level="INFO">${status_code} = 200</msg>
<status status="PASS" starttime="20200623 10:53:22.296" endtime="20200623 10:53:22.297"></status>
</kw>
<kw name="Should Be Equal" library="BuiltIn">
<doc>Fails if the given objects are unequal.</doc>
<arguments>
<arg>${status_code}</arg>
<arg>200</arg>
</arguments>
<status status="PASS" starttime="20200623 10:53:22.297" endtime="20200623 10:53:22.298"></status>
</kw>
<status status="PASS" starttime="20200623 10:53:22.281" endtime="20200623 10:53:22.298" critical="yes"></status>
</test>
<status status="PASS" starttime="20200623 10:53:22.160" endtime="20200623 10:53:22.300"></status>
</suite>
<suite id="s1-s2" name="TC2 Invalid Input1" source="C:\Users\LaythAF\PycharmProjects\ApiTesting\TestCases\TC2_Invalid_Input1.robot">
<test id="s1-s2-t1" name="Get_base_url">
<kw name="Create Session" library="RequestsLibrary">
<doc>Create Session: create a HTTP session to a server</doc>
<arguments>
<arg>baseSession</arg>
<arg>${base_url}</arg>
</arguments>
<msg timestamp="20200623 10:53:22.308" level="INFO">Creating Session using : alias=baseSession, url=http://localhost:8080, headers={},                     cookies={}, auth=None, timeout=None, proxies=None, verify=False,                     debug=0 </msg>
<status status="PASS" starttime="20200623 10:53:22.308" endtime="20200623 10:53:22.309"></status>
</kw>
<kw name="Get Request" library="RequestsLibrary">
<doc>Send a GET request on the session object found using the
given `alias`</doc>
<arguments>
<arg>baseSession</arg>
<arg>/${api_url}</arg>
</arguments>
<assign>
<var>${response}</var>
</assign>
<msg timestamp="20200623 10:53:22.314" level="INFO">GET Request : url=http://localhost:8080/CloudService/api/servers/allocate?size=150 
 path_url=/CloudService/api/servers/allocate?size=150 
 headers={'User-Agent': 'python-requests/2.24.0', 'Accept-Encoding': 'gzip, deflate', 'Accept': '*/*', 'Connection': 'keep-alive'} 
 body=None 
 </msg>
<msg timestamp="20200623 10:53:22.315" level="INFO">GET Response : url=http://localhost:8080/CloudService/api/servers/allocate?size=150 
 status=200, reason= 
 body=Maximum server size is 100 Giga 
 </msg>
<msg timestamp="20200623 10:53:22.315" level="INFO">${response} = &lt;Response [200]&gt;</msg>
<status status="PASS" starttime="20200623 10:53:22.309" endtime="20200623 10:53:22.315"></status>
</kw>
<kw name="Set Variable" library="BuiltIn">
<doc>Returns the given values which can then be assigned to a variables.</doc>
<arguments>
<arg>${response.content}</arg>
</arguments>
<assign>
<var>${body}</var>
</assign>
<msg timestamp="20200623 10:53:22.316" level="INFO">${body} = Maximum server size is 100 Giga</msg>
<status status="PASS" starttime="20200623 10:53:22.315" endtime="20200623 10:53:22.316"></status>
</kw>
<kw name="Convert To String" library="BuiltIn">
<doc>Converts the given item to a Unicode string.</doc>
<arguments>
<arg>${body}</arg>
</arguments>
<assign>
<var>${body}</var>
</assign>
<msg timestamp="20200623 10:53:22.316" level="INFO">${body} = Maximum server size is 100 Giga</msg>
<status status="PASS" starttime="20200623 10:53:22.316" endtime="20200623 10:53:22.316"></status>
</kw>
<kw name="Set Variable" library="BuiltIn">
<doc>Returns the given values which can then be assigned to a variables.</doc>
<arguments>
<arg>Maximum server size is 100 Giga</arg>
</arguments>
<assign>
<var>${Invalid_Response}</var>
</assign>
<msg timestamp="20200623 10:53:22.317" level="INFO">${Invalid_Response} = Maximum server size is 100 Giga</msg>
<status status="PASS" starttime="20200623 10:53:22.317" endtime="20200623 10:53:22.317"></status>
</kw>
<kw name="Should Contain" library="BuiltIn">
<doc>Fails if ``container`` does not contain ``item`` one or more times.</doc>
<arguments>
<arg>${body}</arg>
<arg>${Invalid_Response}</arg>
</arguments>
<status status="PASS" starttime="20200623 10:53:22.317" endtime="20200623 10:53:22.318"></status>
</kw>
<status status="PASS" starttime="20200623 10:53:22.308" endtime="20200623 10:53:22.318" critical="yes"></status>
</test>
<status status="PASS" starttime="20200623 10:53:22.301" endtime="20200623 10:53:22.319"></status>
</suite>
<suite id="s1-s3" name="TC3 Invalid Input2" source="C:\Users\LaythAF\PycharmProjects\ApiTesting\TestCases\TC3_Invalid_Input2.robot">
<test id="s1-s3-t1" name="Get_base_url">
<kw name="Create Session" library="RequestsLibrary">
<doc>Create Session: create a HTTP session to a server</doc>
<arguments>
<arg>baseSession</arg>
<arg>${base_url}</arg>
</arguments>
<msg timestamp="20200623 10:53:22.325" level="INFO">Creating Session using : alias=baseSession, url=http://localhost:8080, headers={},                     cookies={}, auth=None, timeout=None, proxies=None, verify=False,                     debug=0 </msg>
<status status="PASS" starttime="20200623 10:53:22.324" endtime="20200623 10:53:22.325"></status>
</kw>
<kw name="Get Request" library="RequestsLibrary">
<doc>Send a GET request on the session object found using the
given `alias`</doc>
<arguments>
<arg>baseSession</arg>
<arg>/${api_url}</arg>
</arguments>
<assign>
<var>${response}</var>
</assign>
<msg timestamp="20200623 10:53:22.334" level="INFO">GET Request : url=http://localhost:8080/CloudService/api/servers/allocate?size=0 
 path_url=/CloudService/api/servers/allocate?size=0 
 headers={'User-Agent': 'python-requests/2.24.0', 'Accept-Encoding': 'gzip, deflate', 'Accept': '*/*', 'Connection': 'keep-alive'} 
 body=None 
 </msg>
<msg timestamp="20200623 10:53:22.334" level="INFO">GET Response : url=http://localhost:8080/CloudService/api/servers/allocate?size=0 
 status=200, reason= 
 body=Minimum server size is 1 Giga 
 </msg>
<msg timestamp="20200623 10:53:22.334" level="INFO">${response} = &lt;Response [200]&gt;</msg>
<status status="PASS" starttime="20200623 10:53:22.325" endtime="20200623 10:53:22.334"></status>
</kw>
<kw name="Set Variable" library="BuiltIn">
<doc>Returns the given values which can then be assigned to a variables.</doc>
<arguments>
<arg>${response.content}</arg>
</arguments>
<assign>
<var>${body}</var>
</assign>
<msg timestamp="20200623 10:53:22.335" level="INFO">${body} = Minimum server size is 1 Giga</msg>
<status status="PASS" starttime="20200623 10:53:22.334" endtime="20200623 10:53:22.335"></status>
</kw>
<kw name="Convert To String" library="BuiltIn">
<doc>Converts the given item to a Unicode string.</doc>
<arguments>
<arg>${body}</arg>
</arguments>
<assign>
<var>${body}</var>
</assign>
<msg timestamp="20200623 10:53:22.336" level="INFO">${body} = Minimum server size is 1 Giga</msg>
<status status="PASS" starttime="20200623 10:53:22.336" endtime="20200623 10:53:22.336"></status>
</kw>
<kw name="Set Variable" library="BuiltIn">
<doc>Returns the given values which can then be assigned to a variables.</doc>
<arguments>
<arg>Minimum server size is 1 Giga</arg>
</arguments>
<assign>
<var>${Invalid_Response}</var>
</assign>
<msg timestamp="20200623 10:53:22.336" level="INFO">${Invalid_Response} = Minimum server size is 1 Giga</msg>
<status status="PASS" starttime="20200623 10:53:22.336" endtime="20200623 10:53:22.336"></status>
</kw>
<kw name="Should Contain" library="BuiltIn">
<doc>Fails if ``container`` does not contain ``item`` one or more times.</doc>
<arguments>
<arg>${body}</arg>
<arg>${Invalid_Response}</arg>
</arguments>
<status status="PASS" starttime="20200623 10:53:22.337" endtime="20200623 10:53:22.337"></status>
</kw>
<status status="PASS" starttime="20200623 10:53:22.324" endtime="20200623 10:53:22.338" critical="yes"></status>
</test>
<status status="PASS" starttime="20200623 10:53:22.321" endtime="20200623 10:53:22.339"></status>
</suite>
<suite id="s1-s4" name="TC4 Case 1" source="C:\Users\LaythAF\PycharmProjects\ApiTesting\TestCases\TC4_Case_1.robot">
<test id="s1-s4-t1" name="Get_base_url">
<kw name="Create Session" library="RequestsLibrary">
<doc>Create Session: create a HTTP session to a server</doc>
<arguments>
<arg>baseSession</arg>
<arg>${base_url}</arg>
</arguments>
<msg timestamp="20200623 10:53:22.459" level="INFO">Creating Session using : alias=baseSession, url=http://localhost:8080, headers={},                     cookies={}, auth=None, timeout=None, proxies=None, verify=False,                     debug=0 </msg>
<status status="PASS" starttime="20200623 10:53:22.459" endtime="20200623 10:53:22.459"></status>
</kw>
<kw name="Get Request" library="RequestsLibrary">
<doc>Send a GET request on the session object found using the
given `alias`</doc>
<arguments>
<arg>baseSession</arg>
<arg>/${api_url}</arg>
</arguments>
<assign>
<var>${response}</var>
</assign>
<msg timestamp="20200623 10:53:22.882" level="INFO">GET Request : url=http://localhost:8080/CloudService/api/servers 
 path_url=/CloudService/api/servers 
 headers={'User-Agent': 'python-requests/2.24.0', 'Accept-Encoding': 'gzip, deflate', 'Accept': '*/*', 'Connection': 'keep-alive'} 
 body=None 
 </msg>
<msg timestamp="20200623 10:53:22.883" level="INFO">GET Response : url=http://localhost:8080/CloudService/api/servers 
 status=200, reason= 
 body=[{"serverId":1,"allocatedSize":100,"freeSize":0,"creationDate":"Tue Jun 23 09:33:43 IDT 2020","active":true},{"serverId":2,"allocatedSize":60,"freeSize":40,"creationDate":"Tue Jun 23 09:35:18 IDT 2020","active":true},{"serverId":3,"allocatedSize":60,"freeSize":40,"creationDate":"Tue Jun 23 09:35:18 IDT 2020","active":true},{"serverId":4,"allocatedSize":60,"freeSize":40,"creationDate":"Tue Jun 23 09:36:46 IDT 2020","active":true},{"serverId":5,"allocatedSize":60,"freeSize":40,"creationDate":"Tue Jun 23 09:36:47 IDT 2020","active":true},{"serverId":6,"allocatedSize":60,"freeSize":40,"creationDate":"Tue Jun 23 09:40:10 IDT 2020","active":true},{"serverId":7,"allocatedSize":60,"freeSize":40,"creationDate":"Tue Jun 23 09:40:10 IDT 2020","active":true},{"serverId":8,"allocatedSize":60,"freeSize":40,"creationDate":"Tue Jun 23 09:40:23 IDT 2020","active":true},{"serverId":9,"allocatedSize":60,"freeSize":40,"creationDate":"Tue Jun 23 09:40:24 IDT 2020","active":true},{"serverId":10,"allocatedSize":60,"freeSize":40,"creationDate":"Tue Jun 23 09:42:23 IDT 2020","active":true},{"serverId":11,"allocatedSize":60,"freeSize":40,"creationDate":"Tue Jun 23 09:42:23 IDT 2020","active":true},{"serverId":12,"allocatedSize":60,"freeSize":40,"creationDate":"Tue Jun 23 09:43:23 IDT 2020","active":true},{"serverId":13,"allocatedSize":60,"freeSize":40,"creationDate":"Tue Jun 23 09:43:24 IDT 2020","active":true},{"serverId":14,"allocatedSize":60,"freeSize":40,"creationDate":"Tue Jun 23 09:44:08 IDT 2020","active":true},{"serverId":15,"allocatedSize":60,"freeSize":40,"creationDate":"Tue Jun 23 09:44:09 IDT 2020","active":true},{"serverId":16,"allocatedSize":100,"freeSize":0,"creationDate":"Tue Jun 23 09:45:13 IDT 2020","active":true},{"serverId":17,"allocatedSize":60,"freeSize":40,"creationDate":"Tue Jun 23 09:45:37 IDT 2020","active":true},{"serverId":18,"allocatedSize":60,"freeSize":40,"creationDate":"Tue Jun 23 09:45:38 IDT 2020","active":true},{"serverId":19,"allocatedSize":100,"freeSize":0,"creationDate":"Tue Jun 23 09:45:41 IDT 2020","active":true},{"serverId":20,"allocatedSize":60,"freeSize":40,"creationDate":"Tue Jun 23 09:45:52 IDT 2020","active":true},{"serverId":21,"allocatedSize":60,"freeSize":40,"creationDate":"Tue Jun 23 09:45:53 IDT 2020","active":true},{"serverId":22,"allocatedSize":100,"freeSize":0,"creationDate":"Tue Jun 23 09:45:56 IDT 2020","active":true},{"serverId":23,"allocatedSize":60,"freeSize":40,"creationDate":"Tue Jun 23 10:09:39 IDT 2020","active":true},{"serverId":24,"allocatedSize":60,"freeSize":40,"creationDate":"Tue Jun 23 10:09:40 IDT 2020","active":true},{"serverId":25,"allocatedSize":50,"freeSize":50,"creationDate":"Tue Jun 23 10:09:43 IDT 2020","active":true}] 
 </msg>
<msg timestamp="20200623 10:53:22.883" level="INFO">${response} = &lt;Response [200]&gt;</msg>
<status status="PASS" starttime="20200623 10:53:22.460" endtime="20200623 10:53:22.883"></status>
</kw>
<kw name="To Json" library="RequestsLibrary">
<doc>Convert a string to a JSON object</doc>
<arguments>
<arg>${response.content}</arg>
</arguments>
<assign>
<var>${json_body}</var>
</assign>
<msg timestamp="20200623 10:53:22.884" level="INFO">To JSON using : content=[{"serverId":1,"allocatedSize":100,"freeSize":0,"creationDate":"Tue Jun 23 09:33:43 IDT 2020","active":true},{"serverId":2,"allocatedSize":60,"freeSize":40,"creationDate":"Tue Jun 23 09:35:18 IDT 2020","active":true},{"serverId":3,"allocatedSize":60,"freeSize":40,"creationDate":"Tue Jun 23 09:35:18 IDT 2020","active":true},{"serverId":4,"allocatedSize":60,"freeSize":40,"creationDate":"Tue Jun 23 09:36:46 IDT 2020","active":true},{"serverId":5,"allocatedSize":60,"freeSize":40,"creationDate":"Tue Jun 23 09:36:47 IDT 2020","active":true},{"serverId":6,"allocatedSize":60,"freeSize":40,"creationDate":"Tue Jun 23 09:40:10 IDT 2020","active":true},{"serverId":7,"allocatedSize":60,"freeSize":40,"creationDate":"Tue Jun 23 09:40:10 IDT 2020","active":true},{"serverId":8,"allocatedSize":60,"freeSize":40,"creationDate":"Tue Jun 23 09:40:23 IDT 2020","active":true},{"serverId":9,"allocatedSize":60,"freeSize":40,"creationDate":"Tue Jun 23 09:40:24 IDT 2020","active":true},{"serverId":10,"allocatedSize":60,"freeSize":40,"creationDate":"Tue Jun 23 09:42:23 IDT 2020","active":true},{"serverId":11,"allocatedSize":60,"freeSize":40,"creationDate":"Tue Jun 23 09:42:23 IDT 2020","active":true},{"serverId":12,"allocatedSize":60,"freeSize":40,"creationDate":"Tue Jun 23 09:43:23 IDT 2020","active":true},{"serverId":13,"allocatedSize":60,"freeSize":40,"creationDate":"Tue Jun 23 09:43:24 IDT 2020","active":true},{"serverId":14,"allocatedSize":60,"freeSize":40,"creationDate":"Tue Jun 23 09:44:08 IDT 2020","active":true},{"serverId":15,"allocatedSize":60,"freeSize":40,"creationDate":"Tue Jun 23 09:44:09 IDT 2020","active":true},{"serverId":16,"allocatedSize":100,"freeSize":0,"creationDate":"Tue Jun 23 09:45:13 IDT 2020","active":true},{"serverId":17,"allocatedSize":60,"freeSize":40,"creationDate":"Tue Jun 23 09:45:37 IDT 2020","active":true},{"serverId":18,"allocatedSize":60,"freeSize":40,"creationDate":"Tue Jun 23 09:45:38 IDT 2020","active":true},{"serverId":19,"allocatedSize":100,"freeSize":0,"creationDate":"Tue Jun 23 09:45:41 IDT 2020","active":true},{"serverId":20,"allocatedSize":60,"freeSize":40,"creationDate":"Tue Jun 23 09:45:52 IDT 2020","active":true},{"serverId":21,"allocatedSize":60,"freeSize":40,"creationDate":"Tue Jun 23 09:45:53 IDT 2020","active":true},{"serverId":22,"allocatedSize":100,"freeSize":0,"creationDate":"Tue Jun 23 09:45:56 IDT 2020","active":true},{"serverId":23,"allocatedSize":60,"freeSize":40,"creationDate":"Tue Jun 23 10:09:39 IDT 2020","active":true},{"serverId":24,"allocatedSize":60,"freeSize":40,"creationDate":"Tue Jun 23 10:09:40 IDT 2020","active":true},{"serverId":25,"allocatedSize":50,"freeSize":50,"creationDate":"Tue Jun 23 10:09:43 IDT 2020","active":true}] </msg>
<msg timestamp="20200623 10:53:22.884" level="INFO">To JSON using : pretty_print=False </msg>
<msg timestamp="20200623 10:53:22.884" level="INFO">${json_body} = [{'serverId': 1, 'allocatedSize': 100, 'freeSize': 0, 'creationDate': 'Tue Jun 23 09:33:43 IDT 2020', 'active': True}, {'serverId': 2, 'allocatedSize': 60, 'freeSize': 40, 'creationDate': 'Tue Jun 23 ...</msg>
<status status="PASS" starttime="20200623 10:53:22.883" endtime="20200623 10:53:22.884"></status>
</kw>
<kw name="Convert To List" library="Collections">
<doc>Converts the given ``item`` to a Python ``list`` type.</doc>
<arguments>
<arg>${json_body}</arg>
</arguments>
<assign>
<var>${list}</var>
</assign>
<msg timestamp="20200623 10:53:22.885" level="INFO">${list} = [{'serverId': 1, 'allocatedSize': 100, 'freeSize': 0, 'creationDate': 'Tue Jun 23 09:33:43 IDT 2020', 'active': True}, {'serverId': 2, 'allocatedSize': 60, 'freeSize': 40, 'creationDate': 'Tue Jun 23 ...</msg>
<status status="PASS" starttime="20200623 10:53:22.885" endtime="20200623 10:53:22.885"></status>
</kw>
<kw name="Get Length" library="BuiltIn">
<doc>Returns and logs the length of the given item as an integer.</doc>
<arguments>
<arg>${list}</arg>
</arguments>
<assign>
<var>${countBefore}</var>
</assign>
<msg timestamp="20200623 10:53:22.886" level="INFO">Length is 25</msg>
<msg timestamp="20200623 10:53:22.886" level="INFO">${countBefore} = 25</msg>
<status status="PASS" starttime="20200623 10:53:22.886" endtime="20200623 10:53:22.886"></status>
</kw>
<kw name="Get Request" library="RequestsLibrary">
<doc>Send a GET request on the session object found using the
given `alias`</doc>
<arguments>
<arg>baseSession</arg>
<arg>/${api_url}/allocate?size=60</arg>
</arguments>
<msg timestamp="20200623 10:53:23.278" level="INFO">GET Request : url=http://localhost:8080/CloudService/api/servers/allocate?size=60 
 path_url=/CloudService/api/servers/allocate?size=60 
 headers={'User-Agent': 'python-requests/2.24.0', 'Accept-Encoding': 'gzip, deflate', 'Accept': '*/*', 'Connection': 'keep-alive'} 
 body=None 
 </msg>
<msg timestamp="20200623 10:53:23.278" level="INFO">GET Response : url=http://localhost:8080/CloudService/api/servers/allocate?size=60 
 status=200, reason= 
 body=A server with size: 60 was allocated 
 </msg>
<status status="PASS" starttime="20200623 10:53:22.887" endtime="20200623 10:53:23.278"></status>
</kw>
<kw name="Get Request" library="RequestsLibrary">
<doc>Send a GET request on the session object found using the
given `alias`</doc>
<arguments>
<arg>baseSession</arg>
<arg>/${api_url}/allocate?size=60</arg>
</arguments>
<msg timestamp="20200623 10:53:23.985" level="INFO">GET Request : url=http://localhost:8080/CloudService/api/servers/allocate?size=60 
 path_url=/CloudService/api/servers/allocate?size=60 
 headers={'User-Agent': 'python-requests/2.24.0', 'Accept-Encoding': 'gzip, deflate', 'Accept': '*/*', 'Connection': 'keep-alive'} 
 body=None 
 </msg>
<msg timestamp="20200623 10:53:23.985" level="INFO">GET Response : url=http://localhost:8080/CloudService/api/servers/allocate?size=60 
 status=200, reason= 
 body=A server with size: 60 was allocated 
 </msg>
<status status="PASS" starttime="20200623 10:53:23.278" endtime="20200623 10:53:23.986"></status>
</kw>
<kw name="Get Request" library="RequestsLibrary">
<doc>Send a GET request on the session object found using the
given `alias`</doc>
<arguments>
<arg>baseSession</arg>
<arg>/${api_url}</arg>
</arguments>
<assign>
<var>${response}</var>
</assign>
<msg timestamp="20200623 10:53:24.712" level="INFO">GET Request : url=http://localhost:8080/CloudService/api/servers 
 path_url=/CloudService/api/servers 
 headers={'User-Agent': 'python-requests/2.24.0', 'Accept-Encoding': 'gzip, deflate', 'Accept': '*/*', 'Connection': 'keep-alive'} 
 body=None 
 </msg>
<msg timestamp="20200623 10:53:24.712" level="INFO">GET Response : url=http://localhost:8080/CloudService/api/servers 
 status=200, reason= 
 body=[{"serverId":1,"allocatedSize":100,"freeSize":0,"creationDate":"Tue Jun 23 09:33:43 IDT 2020","active":true},{"serverId":2,"allocatedSize":60,"freeSize":40,"creationDate":"Tue Jun 23 09:35:18 IDT 2020","active":true},{"serverId":3,"allocatedSize":60,"freeSize":40,"creationDate":"Tue Jun 23 09:35:18 IDT 2020","active":true},{"serverId":4,"allocatedSize":60,"freeSize":40,"creationDate":"Tue Jun 23 09:36:46 IDT 2020","active":true},{"serverId":5,"allocatedSize":60,"freeSize":40,"creationDate":"Tue Jun 23 09:36:47 IDT 2020","active":true},{"serverId":6,"allocatedSize":60,"freeSize":40,"creationDate":"Tue Jun 23 09:40:10 IDT 2020","active":true},{"serverId":7,"allocatedSize":60,"freeSize":40,"creationDate":"Tue Jun 23 09:40:10 IDT 2020","active":true},{"serverId":8,"allocatedSize":60,"freeSize":40,"creationDate":"Tue Jun 23 09:40:23 IDT 2020","active":true},{"serverId":9,"allocatedSize":60,"freeSize":40,"creationDate":"Tue Jun 23 09:40:24 IDT 2020","active":true},{"serverId":10,"allocatedSize":60,"freeSize":40,"creationDate":"Tue Jun 23 09:42:23 IDT 2020","active":true},{"serverId":11,"allocatedSize":60,"freeSize":40,"creationDate":"Tue Jun 23 09:42:23 IDT 2020","active":true},{"serverId":12,"allocatedSize":60,"freeSize":40,"creationDate":"Tue Jun 23 09:43:23 IDT 2020","active":true},{"serverId":13,"allocatedSize":60,"freeSize":40,"creationDate":"Tue Jun 23 09:43:24 IDT 2020","active":true},{"serverId":14,"allocatedSize":60,"freeSize":40,"creationDate":"Tue Jun 23 09:44:08 IDT 2020","active":true},{"serverId":15,"allocatedSize":60,"freeSize":40,"creationDate":"Tue Jun 23 09:44:09 IDT 2020","active":true},{"serverId":16,"allocatedSize":100,"freeSize":0,"creationDate":"Tue Jun 23 09:45:13 IDT 2020","active":true},{"serverId":17,"allocatedSize":60,"freeSize":40,"creationDate":"Tue Jun 23 09:45:37 IDT 2020","active":true},{"serverId":18,"allocatedSize":60,"freeSize":40,"creationDate":"Tue Jun 23 09:45:38 IDT 2020","active":true},{"serverId":19,"allocatedSize":100,"freeSize":0,"creationDate":"Tue Jun 23 09:45:41 IDT 2020","active":true},{"serverId":20,"allocatedSize":60,"freeSize":40,"creationDate":"Tue Jun 23 09:45:52 IDT 2020","active":true},{"serverId":21,"allocatedSize":60,"freeSize":40,"creationDate":"Tue Jun 23 09:45:53 IDT 2020","active":true},{"serverId":22,"allocatedSize":100,"freeSize":0,"creationDate":"Tue Jun 23 09:45:56 IDT 2020","active":true},{"serverId":23,"allocatedSize":60,"freeSize":40,"creationDate":"Tue Jun 23 10:09:39 IDT 2020","active":true},{"serverId":24,"allocatedSize":60,"freeSize":40,"creationDate":"Tue Jun 23 10:09:40 IDT 2020","active":true},{"serverId":25,"allocatedSize":50,"freeSize":50,"creationDate":"Tue Jun 23 10:09:43 IDT 2020","active":true},{"serverId":26,"allocatedSize":0,"freeSize":100,"creationDate":"Tue Jun 23 10:53:23 IDT 2020","active":false},{"serverId":27,"allocatedSize":0,"freeSize":100,"creationDate":"Tue Jun 23 10:53:23 IDT 2020","active":false}] 
 </msg>
<msg timestamp="20200623 10:53:24.712" level="INFO">${response} = &lt;Response [200]&gt;</msg>
<status status="PASS" starttime="20200623 10:53:23.986" endtime="20200623 10:53:24.712"></status>
</kw>
<kw name="To Json" library="RequestsLibrary">
<doc>Convert a string to a JSON object</doc>
<arguments>
<arg>${response.content}</arg>
</arguments>
<assign>
<var>${json_body}</var>
</assign>
<msg timestamp="20200623 10:53:24.713" level="INFO">To JSON using : content=[{"serverId":1,"allocatedSize":100,"freeSize":0,"creationDate":"Tue Jun 23 09:33:43 IDT 2020","active":true},{"serverId":2,"allocatedSize":60,"freeSize":40,"creationDate":"Tue Jun 23 09:35:18 IDT 2020","active":true},{"serverId":3,"allocatedSize":60,"freeSize":40,"creationDate":"Tue Jun 23 09:35:18 IDT 2020","active":true},{"serverId":4,"allocatedSize":60,"freeSize":40,"creationDate":"Tue Jun 23 09:36:46 IDT 2020","active":true},{"serverId":5,"allocatedSize":60,"freeSize":40,"creationDate":"Tue Jun 23 09:36:47 IDT 2020","active":true},{"serverId":6,"allocatedSize":60,"freeSize":40,"creationDate":"Tue Jun 23 09:40:10 IDT 2020","active":true},{"serverId":7,"allocatedSize":60,"freeSize":40,"creationDate":"Tue Jun 23 09:40:10 IDT 2020","active":true},{"serverId":8,"allocatedSize":60,"freeSize":40,"creationDate":"Tue Jun 23 09:40:23 IDT 2020","active":true},{"serverId":9,"allocatedSize":60,"freeSize":40,"creationDate":"Tue Jun 23 09:40:24 IDT 2020","active":true},{"serverId":10,"allocatedSize":60,"freeSize":40,"creationDate":"Tue Jun 23 09:42:23 IDT 2020","active":true},{"serverId":11,"allocatedSize":60,"freeSize":40,"creationDate":"Tue Jun 23 09:42:23 IDT 2020","active":true},{"serverId":12,"allocatedSize":60,"freeSize":40,"creationDate":"Tue Jun 23 09:43:23 IDT 2020","active":true},{"serverId":13,"allocatedSize":60,"freeSize":40,"creationDate":"Tue Jun 23 09:43:24 IDT 2020","active":true},{"serverId":14,"allocatedSize":60,"freeSize":40,"creationDate":"Tue Jun 23 09:44:08 IDT 2020","active":true},{"serverId":15,"allocatedSize":60,"freeSize":40,"creationDate":"Tue Jun 23 09:44:09 IDT 2020","active":true},{"serverId":16,"allocatedSize":100,"freeSize":0,"creationDate":"Tue Jun 23 09:45:13 IDT 2020","active":true},{"serverId":17,"allocatedSize":60,"freeSize":40,"creationDate":"Tue Jun 23 09:45:37 IDT 2020","active":true},{"serverId":18,"allocatedSize":60,"freeSize":40,"creationDate":"Tue Jun 23 09:45:38 IDT 2020","active":true},{"serverId":19,"allocatedSize":100,"freeSize":0,"creationDate":"Tue Jun 23 09:45:41 IDT 2020","active":true},{"serverId":20,"allocatedSize":60,"freeSize":40,"creationDate":"Tue Jun 23 09:45:52 IDT 2020","active":true},{"serverId":21,"allocatedSize":60,"freeSize":40,"creationDate":"Tue Jun 23 09:45:53 IDT 2020","active":true},{"serverId":22,"allocatedSize":100,"freeSize":0,"creationDate":"Tue Jun 23 09:45:56 IDT 2020","active":true},{"serverId":23,"allocatedSize":60,"freeSize":40,"creationDate":"Tue Jun 23 10:09:39 IDT 2020","active":true},{"serverId":24,"allocatedSize":60,"freeSize":40,"creationDate":"Tue Jun 23 10:09:40 IDT 2020","active":true},{"serverId":25,"allocatedSize":50,"freeSize":50,"creationDate":"Tue Jun 23 10:09:43 IDT 2020","active":true},{"serverId":26,"allocatedSize":0,"freeSize":100,"creationDate":"Tue Jun 23 10:53:23 IDT 2020","active":false},{"serverId":27,"allocatedSize":0,"freeSize":100,"creationDate":"Tue Jun 23 10:53:23 IDT 2020","active":false}] </msg>
<msg timestamp="20200623 10:53:24.714" level="INFO">To JSON using : pretty_print=False </msg>
<msg timestamp="20200623 10:53:24.714" level="INFO">${json_body} = [{'serverId': 1, 'allocatedSize': 100, 'freeSize': 0, 'creationDate': 'Tue Jun 23 09:33:43 IDT 2020', 'active': True}, {'serverId': 2, 'allocatedSize': 60, 'freeSize': 40, 'creationDate': 'Tue Jun 23 ...</msg>
<status status="PASS" starttime="20200623 10:53:24.713" endtime="20200623 10:53:24.714"></status>
</kw>
<kw name="Convert To List" library="Collections">
<doc>Converts the given ``item`` to a Python ``list`` type.</doc>
<arguments>
<arg>${json_body}</arg>
</arguments>
<assign>
<var>${list}</var>
</assign>
<msg timestamp="20200623 10:53:24.715" level="INFO">${list} = [{'serverId': 1, 'allocatedSize': 100, 'freeSize': 0, 'creationDate': 'Tue Jun 23 09:33:43 IDT 2020', 'active': True}, {'serverId': 2, 'allocatedSize': 60, 'freeSize': 40, 'creationDate': 'Tue Jun 23 ...</msg>
<status status="PASS" starttime="20200623 10:53:24.714" endtime="20200623 10:53:24.715"></status>
</kw>
<kw name="Get Length" library="BuiltIn">
<doc>Returns and logs the length of the given item as an integer.</doc>
<arguments>
<arg>${list}</arg>
</arguments>
<assign>
<var>${countAfter}</var>
</assign>
<msg timestamp="20200623 10:53:24.715" level="INFO">Length is 27</msg>
<msg timestamp="20200623 10:53:24.715" level="INFO">${countAfter} = 27</msg>
<status status="PASS" starttime="20200623 10:53:24.715" endtime="20200623 10:53:24.715"></status>
</kw>
<kw name="Convert To Integer" library="BuiltIn">
<doc>Converts the given item to an integer number.</doc>
<arguments>
<arg>${countAfter}</arg>
</arguments>
<assign>
<var>${countAfter}</var>
</assign>
<msg timestamp="20200623 10:53:24.716" level="INFO">${countAfter} = 27</msg>
<status status="PASS" starttime="20200623 10:53:24.716" endtime="20200623 10:53:24.716"></status>
</kw>
<kw name="Convert To Integer" library="BuiltIn">
<doc>Converts the given item to an integer number.</doc>
<arguments>
<arg>${countBefore}</arg>
</arguments>
<assign>
<var>${countBefore}</var>
</assign>
<msg timestamp="20200623 10:53:24.717" level="INFO">${countBefore} = 25</msg>
<status status="PASS" starttime="20200623 10:53:24.717" endtime="20200623 10:53:24.717"></status>
</kw>
<kw name="Evaluate" library="BuiltIn">
<doc>Evaluates the given expression in Python and returns the result.</doc>
<arguments>
<arg>${countAfter} - ${countBefore}</arg>
</arguments>
<assign>
<var>${countOfCreatedServers}</var>
</assign>
<msg timestamp="20200623 10:53:24.718" level="INFO">${countOfCreatedServers} = 2</msg>
<status status="PASS" starttime="20200623 10:53:24.717" endtime="20200623 10:53:24.718"></status>
</kw>
<kw name="Convert To String" library="BuiltIn">
<doc>Converts the given item to a Unicode string.</doc>
<arguments>
<arg>${countOfCreatedServers}</arg>
</arguments>
<assign>
<var>${countOfCreatedServers}</var>
</assign>
<msg timestamp="20200623 10:53:24.718" level="INFO">${countOfCreatedServers} = 2</msg>
<status status="PASS" starttime="20200623 10:53:24.718" endtime="20200623 10:53:24.718"></status>
</kw>
<kw name="Should Be Equal" library="BuiltIn">
<doc>Fails if the given objects are unequal.</doc>
<arguments>
<arg>${countOfCreatedServers}</arg>
<arg>2</arg>
</arguments>
<status status="PASS" starttime="20200623 10:53:24.719" endtime="20200623 10:53:24.719"></status>
</kw>
<status status="PASS" starttime="20200623 10:53:22.458" endtime="20200623 10:53:24.720" critical="yes"></status>
</test>
<status status="PASS" starttime="20200623 10:53:22.340" endtime="20200623 10:53:24.721"></status>
</suite>
<suite id="s1-s5" name="TC5 Case 2" source="C:\Users\LaythAF\PycharmProjects\ApiTesting\TestCases\TC5_Case_2.robot">
<test id="s1-s5-t1" name="Get_base_url">
<kw name="Create Session" library="RequestsLibrary">
<doc>Create Session: create a HTTP session to a server</doc>
<arguments>
<arg>baseSession</arg>
<arg>${base_url}</arg>
</arguments>
<msg timestamp="20200623 10:53:24.730" level="INFO">Creating Session using : alias=baseSession, url=http://localhost:8080, headers={},                     cookies={}, auth=None, timeout=None, proxies=None, verify=False,                     debug=0 </msg>
<status status="PASS" starttime="20200623 10:53:24.729" endtime="20200623 10:53:24.730"></status>
</kw>
<kw name="Get Request" library="RequestsLibrary">
<doc>Send a GET request on the session object found using the
given `alias`</doc>
<arguments>
<arg>baseSession</arg>
<arg>/${api_url}</arg>
</arguments>
<assign>
<var>${response}</var>
</assign>
<msg timestamp="20200623 10:53:25.462" level="INFO">GET Request : url=http://localhost:8080/CloudService/api/servers 
 path_url=/CloudService/api/servers 
 headers={'User-Agent': 'python-requests/2.24.0', 'Accept-Encoding': 'gzip, deflate', 'Accept': '*/*', 'Connection': 'keep-alive'} 
 body=None 
 </msg>
<msg timestamp="20200623 10:53:25.462" level="INFO">GET Response : url=http://localhost:8080/CloudService/api/servers 
 status=200, reason= 
 body=[{"serverId":1,"allocatedSize":100,"freeSize":0,"creationDate":"Tue Jun 23 09:33:43 IDT 2020","active":true},{"serverId":2,"allocatedSize":60,"freeSize":40,"creationDate":"Tue Jun 23 09:35:18 IDT 2020","active":true},{"serverId":3,"allocatedSize":60,"freeSize":40,"creationDate":"Tue Jun 23 09:35:18 IDT 2020","active":true},{"serverId":4,"allocatedSize":60,"freeSize":40,"creationDate":"Tue Jun 23 09:36:46 IDT 2020","active":true},{"serverId":5,"allocatedSize":60,"freeSize":40,"creationDate":"Tue Jun 23 09:36:47 IDT 2020","active":true},{"serverId":6,"allocatedSize":60,"freeSize":40,"creationDate":"Tue Jun 23 09:40:10 IDT 2020","active":true},{"serverId":7,"allocatedSize":60,"freeSize":40,"creationDate":"Tue Jun 23 09:40:10 IDT 2020","active":true},{"serverId":8,"allocatedSize":60,"freeSize":40,"creationDate":"Tue Jun 23 09:40:23 IDT 2020","active":true},{"serverId":9,"allocatedSize":60,"freeSize":40,"creationDate":"Tue Jun 23 09:40:24 IDT 2020","active":true},{"serverId":10,"allocatedSize":60,"freeSize":40,"creationDate":"Tue Jun 23 09:42:23 IDT 2020","active":true},{"serverId":11,"allocatedSize":60,"freeSize":40,"creationDate":"Tue Jun 23 09:42:23 IDT 2020","active":true},{"serverId":12,"allocatedSize":60,"freeSize":40,"creationDate":"Tue Jun 23 09:43:23 IDT 2020","active":true},{"serverId":13,"allocatedSize":60,"freeSize":40,"creationDate":"Tue Jun 23 09:43:24 IDT 2020","active":true},{"serverId":14,"allocatedSize":60,"freeSize":40,"creationDate":"Tue Jun 23 09:44:08 IDT 2020","active":true},{"serverId":15,"allocatedSize":60,"freeSize":40,"creationDate":"Tue Jun 23 09:44:09 IDT 2020","active":true},{"serverId":16,"allocatedSize":100,"freeSize":0,"creationDate":"Tue Jun 23 09:45:13 IDT 2020","active":true},{"serverId":17,"allocatedSize":60,"freeSize":40,"creationDate":"Tue Jun 23 09:45:37 IDT 2020","active":true},{"serverId":18,"allocatedSize":60,"freeSize":40,"creationDate":"Tue Jun 23 09:45:38 IDT 2020","active":true},{"serverId":19,"allocatedSize":100,"freeSize":0,"creationDate":"Tue Jun 23 09:45:41 IDT 2020","active":true},{"serverId":20,"allocatedSize":60,"freeSize":40,"creationDate":"Tue Jun 23 09:45:52 IDT 2020","active":true},{"serverId":21,"allocatedSize":60,"freeSize":40,"creationDate":"Tue Jun 23 09:45:53 IDT 2020","active":true},{"serverId":22,"allocatedSize":100,"freeSize":0,"creationDate":"Tue Jun 23 09:45:56 IDT 2020","active":true},{"serverId":23,"allocatedSize":60,"freeSize":40,"creationDate":"Tue Jun 23 10:09:39 IDT 2020","active":true},{"serverId":24,"allocatedSize":60,"freeSize":40,"creationDate":"Tue Jun 23 10:09:40 IDT 2020","active":true},{"serverId":25,"allocatedSize":50,"freeSize":50,"creationDate":"Tue Jun 23 10:09:43 IDT 2020","active":true},{"serverId":26,"allocatedSize":0,"freeSize":100,"creationDate":"Tue Jun 23 10:53:23 IDT 2020","active":false},{"serverId":27,"allocatedSize":0,"freeSize":100,"creationDate":"Tue Jun 23 10:53:23 IDT 2020","active":false}] 
 </msg>
<msg timestamp="20200623 10:53:25.462" level="INFO">${response} = &lt;Response [200]&gt;</msg>
<status status="PASS" starttime="20200623 10:53:24.730" endtime="20200623 10:53:25.462"></status>
</kw>
<kw name="To Json" library="RequestsLibrary">
<doc>Convert a string to a JSON object</doc>
<arguments>
<arg>${response.content}</arg>
</arguments>
<assign>
<var>${json_body}</var>
</assign>
<msg timestamp="20200623 10:53:25.463" level="INFO">To JSON using : content=[{"serverId":1,"allocatedSize":100,"freeSize":0,"creationDate":"Tue Jun 23 09:33:43 IDT 2020","active":true},{"serverId":2,"allocatedSize":60,"freeSize":40,"creationDate":"Tue Jun 23 09:35:18 IDT 2020","active":true},{"serverId":3,"allocatedSize":60,"freeSize":40,"creationDate":"Tue Jun 23 09:35:18 IDT 2020","active":true},{"serverId":4,"allocatedSize":60,"freeSize":40,"creationDate":"Tue Jun 23 09:36:46 IDT 2020","active":true},{"serverId":5,"allocatedSize":60,"freeSize":40,"creationDate":"Tue Jun 23 09:36:47 IDT 2020","active":true},{"serverId":6,"allocatedSize":60,"freeSize":40,"creationDate":"Tue Jun 23 09:40:10 IDT 2020","active":true},{"serverId":7,"allocatedSize":60,"freeSize":40,"creationDate":"Tue Jun 23 09:40:10 IDT 2020","active":true},{"serverId":8,"allocatedSize":60,"freeSize":40,"creationDate":"Tue Jun 23 09:40:23 IDT 2020","active":true},{"serverId":9,"allocatedSize":60,"freeSize":40,"creationDate":"Tue Jun 23 09:40:24 IDT 2020","active":true},{"serverId":10,"allocatedSize":60,"freeSize":40,"creationDate":"Tue Jun 23 09:42:23 IDT 2020","active":true},{"serverId":11,"allocatedSize":60,"freeSize":40,"creationDate":"Tue Jun 23 09:42:23 IDT 2020","active":true},{"serverId":12,"allocatedSize":60,"freeSize":40,"creationDate":"Tue Jun 23 09:43:23 IDT 2020","active":true},{"serverId":13,"allocatedSize":60,"freeSize":40,"creationDate":"Tue Jun 23 09:43:24 IDT 2020","active":true},{"serverId":14,"allocatedSize":60,"freeSize":40,"creationDate":"Tue Jun 23 09:44:08 IDT 2020","active":true},{"serverId":15,"allocatedSize":60,"freeSize":40,"creationDate":"Tue Jun 23 09:44:09 IDT 2020","active":true},{"serverId":16,"allocatedSize":100,"freeSize":0,"creationDate":"Tue Jun 23 09:45:13 IDT 2020","active":true},{"serverId":17,"allocatedSize":60,"freeSize":40,"creationDate":"Tue Jun 23 09:45:37 IDT 2020","active":true},{"serverId":18,"allocatedSize":60,"freeSize":40,"creationDate":"Tue Jun 23 09:45:38 IDT 2020","active":true},{"serverId":19,"allocatedSize":100,"freeSize":0,"creationDate":"Tue Jun 23 09:45:41 IDT 2020","active":true},{"serverId":20,"allocatedSize":60,"freeSize":40,"creationDate":"Tue Jun 23 09:45:52 IDT 2020","active":true},{"serverId":21,"allocatedSize":60,"freeSize":40,"creationDate":"Tue Jun 23 09:45:53 IDT 2020","active":true},{"serverId":22,"allocatedSize":100,"freeSize":0,"creationDate":"Tue Jun 23 09:45:56 IDT 2020","active":true},{"serverId":23,"allocatedSize":60,"freeSize":40,"creationDate":"Tue Jun 23 10:09:39 IDT 2020","active":true},{"serverId":24,"allocatedSize":60,"freeSize":40,"creationDate":"Tue Jun 23 10:09:40 IDT 2020","active":true},{"serverId":25,"allocatedSize":50,"freeSize":50,"creationDate":"Tue Jun 23 10:09:43 IDT 2020","active":true},{"serverId":26,"allocatedSize":0,"freeSize":100,"creationDate":"Tue Jun 23 10:53:23 IDT 2020","active":false},{"serverId":27,"allocatedSize":0,"freeSize":100,"creationDate":"Tue Jun 23 10:53:23 IDT 2020","active":false}] </msg>
<msg timestamp="20200623 10:53:25.463" level="INFO">To JSON using : pretty_print=False </msg>
<msg timestamp="20200623 10:53:25.464" level="INFO">${json_body} = [{'serverId': 1, 'allocatedSize': 100, 'freeSize': 0, 'creationDate': 'Tue Jun 23 09:33:43 IDT 2020', 'active': True}, {'serverId': 2, 'allocatedSize': 60, 'freeSize': 40, 'creationDate': 'Tue Jun 23 ...</msg>
<status status="PASS" starttime="20200623 10:53:25.463" endtime="20200623 10:53:25.464"></status>
</kw>
<kw name="Convert To List" library="Collections">
<doc>Converts the given ``item`` to a Python ``list`` type.</doc>
<arguments>
<arg>${json_body}</arg>
</arguments>
<assign>
<var>${list}</var>
</assign>
<msg timestamp="20200623 10:53:25.464" level="INFO">${list} = [{'serverId': 1, 'allocatedSize': 100, 'freeSize': 0, 'creationDate': 'Tue Jun 23 09:33:43 IDT 2020', 'active': True}, {'serverId': 2, 'allocatedSize': 60, 'freeSize': 40, 'creationDate': 'Tue Jun 23 ...</msg>
<status status="PASS" starttime="20200623 10:53:25.464" endtime="20200623 10:53:25.464"></status>
</kw>
<kw name="Get Length" library="BuiltIn">
<doc>Returns and logs the length of the given item as an integer.</doc>
<arguments>
<arg>${list}</arg>
</arguments>
<assign>
<var>${countBefore}</var>
</assign>
<msg timestamp="20200623 10:53:25.465" level="INFO">Length is 27</msg>
<msg timestamp="20200623 10:53:25.465" level="INFO">${countBefore} = 27</msg>
<status status="PASS" starttime="20200623 10:53:25.465" endtime="20200623 10:53:25.465"></status>
</kw>
<kw name="Get Request" library="RequestsLibrary">
<doc>Send a GET request on the session object found using the
given `alias`</doc>
<arguments>
<arg>baseSession</arg>
<arg>/${api_url}/allocate?size=50</arg>
</arguments>
<msg timestamp="20200623 10:53:26.202" level="INFO">GET Request : url=http://localhost:8080/CloudService/api/servers/allocate?size=50 
 path_url=/CloudService/api/servers/allocate?size=50 
 headers={'User-Agent': 'python-requests/2.24.0', 'Accept-Encoding': 'gzip, deflate', 'Accept': '*/*', 'Connection': 'keep-alive'} 
 body=None 
 </msg>
<msg timestamp="20200623 10:53:26.203" level="INFO">GET Response : url=http://localhost:8080/CloudService/api/servers/allocate?size=50 
 status=200, reason= 
 body=A server with size: 50 was allocated 
 </msg>
<status status="PASS" starttime="20200623 10:53:25.465" endtime="20200623 10:53:26.203"></status>
</kw>
<kw name="Get Request" library="RequestsLibrary">
<doc>Send a GET request on the session object found using the
given `alias`</doc>
<arguments>
<arg>baseSession</arg>
<arg>/${api_url}/allocate?size=50</arg>
</arguments>
<msg timestamp="20200623 10:53:26.951" level="INFO">GET Request : url=http://localhost:8080/CloudService/api/servers/allocate?size=50 
 path_url=/CloudService/api/servers/allocate?size=50 
 headers={'User-Agent': 'python-requests/2.24.0', 'Accept-Encoding': 'gzip, deflate', 'Accept': '*/*', 'Connection': 'keep-alive'} 
 body=None 
 </msg>
<msg timestamp="20200623 10:53:26.951" level="INFO">GET Response : url=http://localhost:8080/CloudService/api/servers/allocate?size=50 
 status=200, reason= 
 body=A server with size: 50 was allocated 
 </msg>
<status status="PASS" starttime="20200623 10:53:26.203" endtime="20200623 10:53:26.951"></status>
</kw>
<kw name="Get Request" library="RequestsLibrary">
<doc>Send a GET request on the session object found using the
given `alias`</doc>
<arguments>
<arg>baseSession</arg>
<arg>/${api_url}</arg>
</arguments>
<assign>
<var>${response}</var>
</assign>
<msg timestamp="20200623 10:53:27.826" level="INFO">GET Request : url=http://localhost:8080/CloudService/api/servers 
 path_url=/CloudService/api/servers 
 headers={'User-Agent': 'python-requests/2.24.0', 'Accept-Encoding': 'gzip, deflate', 'Accept': '*/*', 'Connection': 'keep-alive'} 
 body=None 
 </msg>
<msg timestamp="20200623 10:53:27.826" level="INFO">GET Response : url=http://localhost:8080/CloudService/api/servers 
 status=200, reason= 
 body=[{"serverId":1,"allocatedSize":100,"freeSize":0,"creationDate":"Tue Jun 23 09:33:43 IDT 2020","active":true},{"serverId":2,"allocatedSize":60,"freeSize":40,"creationDate":"Tue Jun 23 09:35:18 IDT 2020","active":true},{"serverId":3,"allocatedSize":60,"freeSize":40,"creationDate":"Tue Jun 23 09:35:18 IDT 2020","active":true},{"serverId":4,"allocatedSize":60,"freeSize":40,"creationDate":"Tue Jun 23 09:36:46 IDT 2020","active":true},{"serverId":5,"allocatedSize":60,"freeSize":40,"creationDate":"Tue Jun 23 09:36:47 IDT 2020","active":true},{"serverId":6,"allocatedSize":60,"freeSize":40,"creationDate":"Tue Jun 23 09:40:10 IDT 2020","active":true},{"serverId":7,"allocatedSize":60,"freeSize":40,"creationDate":"Tue Jun 23 09:40:10 IDT 2020","active":true},{"serverId":8,"allocatedSize":60,"freeSize":40,"creationDate":"Tue Jun 23 09:40:23 IDT 2020","active":true},{"serverId":9,"allocatedSize":60,"freeSize":40,"creationDate":"Tue Jun 23 09:40:24 IDT 2020","active":true},{"serverId":10,"allocatedSize":60,"freeSize":40,"creationDate":"Tue Jun 23 09:42:23 IDT 2020","active":true},{"serverId":11,"allocatedSize":60,"freeSize":40,"creationDate":"Tue Jun 23 09:42:23 IDT 2020","active":true},{"serverId":12,"allocatedSize":60,"freeSize":40,"creationDate":"Tue Jun 23 09:43:23 IDT 2020","active":true},{"serverId":13,"allocatedSize":60,"freeSize":40,"creationDate":"Tue Jun 23 09:43:24 IDT 2020","active":true},{"serverId":14,"allocatedSize":60,"freeSize":40,"creationDate":"Tue Jun 23 09:44:08 IDT 2020","active":true},{"serverId":15,"allocatedSize":60,"freeSize":40,"creationDate":"Tue Jun 23 09:44:09 IDT 2020","active":true},{"serverId":16,"allocatedSize":100,"freeSize":0,"creationDate":"Tue Jun 23 09:45:13 IDT 2020","active":true},{"serverId":17,"allocatedSize":60,"freeSize":40,"creationDate":"Tue Jun 23 09:45:37 IDT 2020","active":true},{"serverId":18,"allocatedSize":60,"freeSize":40,"creationDate":"Tue Jun 23 09:45:38 IDT 2020","active":true},{"serverId":19,"allocatedSize":100,"freeSize":0,"creationDate":"Tue Jun 23 09:45:41 IDT 2020","active":true},{"serverId":20,"allocatedSize":60,"freeSize":40,"creationDate":"Tue Jun 23 09:45:52 IDT 2020","active":true},{"serverId":21,"allocatedSize":60,"freeSize":40,"creationDate":"Tue Jun 23 09:45:53 IDT 2020","active":true},{"serverId":22,"allocatedSize":100,"freeSize":0,"creationDate":"Tue Jun 23 09:45:56 IDT 2020","active":true},{"serverId":23,"allocatedSize":60,"freeSize":40,"creationDate":"Tue Jun 23 10:09:39 IDT 2020","active":true},{"serverId":24,"allocatedSize":60,"freeSize":40,"creationDate":"Tue Jun 23 10:09:40 IDT 2020","active":true},{"serverId":25,"allocatedSize":100,"freeSize":0,"creationDate":"Tue Jun 23 10:09:43 IDT 2020","active":true},{"serverId":26,"allocatedSize":0,"freeSize":100,"creationDate":"Tue Jun 23 10:53:23 IDT 2020","active":false},{"serverId":27,"allocatedSize":0,"freeSize":100,"creationDate":"Tue Jun 23 10:53:23 IDT 2020","active":false},{"serverId":28,"allocatedSize":0,"freeSize":100,"creationDate":"Tue Jun 23 10:53:26 IDT 2020","active":false}] 
 </msg>
<msg timestamp="20200623 10:53:27.826" level="INFO">${response} = &lt;Response [200]&gt;</msg>
<status status="PASS" starttime="20200623 10:53:26.952" endtime="20200623 10:53:27.826"></status>
</kw>
<kw name="To Json" library="RequestsLibrary">
<doc>Convert a string to a JSON object</doc>
<arguments>
<arg>${response.content}</arg>
</arguments>
<assign>
<var>${json_body}</var>
</assign>
<msg timestamp="20200623 10:53:27.827" level="INFO">To JSON using : content=[{"serverId":1,"allocatedSize":100,"freeSize":0,"creationDate":"Tue Jun 23 09:33:43 IDT 2020","active":true},{"serverId":2,"allocatedSize":60,"freeSize":40,"creationDate":"Tue Jun 23 09:35:18 IDT 2020","active":true},{"serverId":3,"allocatedSize":60,"freeSize":40,"creationDate":"Tue Jun 23 09:35:18 IDT 2020","active":true},{"serverId":4,"allocatedSize":60,"freeSize":40,"creationDate":"Tue Jun 23 09:36:46 IDT 2020","active":true},{"serverId":5,"allocatedSize":60,"freeSize":40,"creationDate":"Tue Jun 23 09:36:47 IDT 2020","active":true},{"serverId":6,"allocatedSize":60,"freeSize":40,"creationDate":"Tue Jun 23 09:40:10 IDT 2020","active":true},{"serverId":7,"allocatedSize":60,"freeSize":40,"creationDate":"Tue Jun 23 09:40:10 IDT 2020","active":true},{"serverId":8,"allocatedSize":60,"freeSize":40,"creationDate":"Tue Jun 23 09:40:23 IDT 2020","active":true},{"serverId":9,"allocatedSize":60,"freeSize":40,"creationDate":"Tue Jun 23 09:40:24 IDT 2020","active":true},{"serverId":10,"allocatedSize":60,"freeSize":40,"creationDate":"Tue Jun 23 09:42:23 IDT 2020","active":true},{"serverId":11,"allocatedSize":60,"freeSize":40,"creationDate":"Tue Jun 23 09:42:23 IDT 2020","active":true},{"serverId":12,"allocatedSize":60,"freeSize":40,"creationDate":"Tue Jun 23 09:43:23 IDT 2020","active":true},{"serverId":13,"allocatedSize":60,"freeSize":40,"creationDate":"Tue Jun 23 09:43:24 IDT 2020","active":true},{"serverId":14,"allocatedSize":60,"freeSize":40,"creationDate":"Tue Jun 23 09:44:08 IDT 2020","active":true},{"serverId":15,"allocatedSize":60,"freeSize":40,"creationDate":"Tue Jun 23 09:44:09 IDT 2020","active":true},{"serverId":16,"allocatedSize":100,"freeSize":0,"creationDate":"Tue Jun 23 09:45:13 IDT 2020","active":true},{"serverId":17,"allocatedSize":60,"freeSize":40,"creationDate":"Tue Jun 23 09:45:37 IDT 2020","active":true},{"serverId":18,"allocatedSize":60,"freeSize":40,"creationDate":"Tue Jun 23 09:45:38 IDT 2020","active":true},{"serverId":19,"allocatedSize":100,"freeSize":0,"creationDate":"Tue Jun 23 09:45:41 IDT 2020","active":true},{"serverId":20,"allocatedSize":60,"freeSize":40,"creationDate":"Tue Jun 23 09:45:52 IDT 2020","active":true},{"serverId":21,"allocatedSize":60,"freeSize":40,"creationDate":"Tue Jun 23 09:45:53 IDT 2020","active":true},{"serverId":22,"allocatedSize":100,"freeSize":0,"creationDate":"Tue Jun 23 09:45:56 IDT 2020","active":true},{"serverId":23,"allocatedSize":60,"freeSize":40,"creationDate":"Tue Jun 23 10:09:39 IDT 2020","active":true},{"serverId":24,"allocatedSize":60,"freeSize":40,"creationDate":"Tue Jun 23 10:09:40 IDT 2020","active":true},{"serverId":25,"allocatedSize":100,"freeSize":0,"creationDate":"Tue Jun 23 10:09:43 IDT 2020","active":true},{"serverId":26,"allocatedSize":0,"freeSize":100,"creationDate":"Tue Jun 23 10:53:23 IDT 2020","active":false},{"serverId":27,"allocatedSize":0,"freeSize":100,"creationDate":"Tue Jun 23 10:53:23 IDT 2020","active":false},{"serverId":28,"allocatedSize":0,"freeSize":100,"creationDate":"Tue Jun 23 10:53:26 IDT 2020","active":false}] </msg>
<msg timestamp="20200623 10:53:27.828" level="INFO">To JSON using : pretty_print=False </msg>
<msg timestamp="20200623 10:53:27.828" level="INFO">${json_body} = [{'serverId': 1, 'allocatedSize': 100, 'freeSize': 0, 'creationDate': 'Tue Jun 23 09:33:43 IDT 2020', 'active': True}, {'serverId': 2, 'allocatedSize': 60, 'freeSize': 40, 'creationDate': 'Tue Jun 23 ...</msg>
<status status="PASS" starttime="20200623 10:53:27.827" endtime="20200623 10:53:27.828"></status>
</kw>
<kw name="Convert To List" library="Collections">
<doc>Converts the given ``item`` to a Python ``list`` type.</doc>
<arguments>
<arg>${json_body}</arg>
</arguments>
<assign>
<var>${list}</var>
</assign>
<msg timestamp="20200623 10:53:27.829" level="INFO">${list} = [{'serverId': 1, 'allocatedSize': 100, 'freeSize': 0, 'creationDate': 'Tue Jun 23 09:33:43 IDT 2020', 'active': True}, {'serverId': 2, 'allocatedSize': 60, 'freeSize': 40, 'creationDate': 'Tue Jun 23 ...</msg>
<status status="PASS" starttime="20200623 10:53:27.828" endtime="20200623 10:53:27.829"></status>
</kw>
<kw name="Get Length" library="BuiltIn">
<doc>Returns and logs the length of the given item as an integer.</doc>
<arguments>
<arg>${list}</arg>
</arguments>
<assign>
<var>${countAfter}</var>
</assign>
<msg timestamp="20200623 10:53:27.830" level="INFO">Length is 28</msg>
<msg timestamp="20200623 10:53:27.830" level="INFO">${countAfter} = 28</msg>
<status status="PASS" starttime="20200623 10:53:27.829" endtime="20200623 10:53:27.830"></status>
</kw>
<kw name="Convert To Integer" library="BuiltIn">
<doc>Converts the given item to an integer number.</doc>
<arguments>
<arg>${countAfter}</arg>
</arguments>
<assign>
<var>${countAfter}</var>
</assign>
<msg timestamp="20200623 10:53:27.830" level="INFO">${countAfter} = 28</msg>
<status status="PASS" starttime="20200623 10:53:27.830" endtime="20200623 10:53:27.831"></status>
</kw>
<kw name="Convert To Integer" library="BuiltIn">
<doc>Converts the given item to an integer number.</doc>
<arguments>
<arg>${countBefore}</arg>
</arguments>
<assign>
<var>${countBefore}</var>
</assign>
<msg timestamp="20200623 10:53:27.831" level="INFO">${countBefore} = 27</msg>
<status status="PASS" starttime="20200623 10:53:27.831" endtime="20200623 10:53:27.831"></status>
</kw>
<kw name="Evaluate" library="BuiltIn">
<doc>Evaluates the given expression in Python and returns the result.</doc>
<arguments>
<arg>${countAfter} - ${countBefore}</arg>
</arguments>
<assign>
<var>${countOfCreatedServers}</var>
</assign>
<msg timestamp="20200623 10:53:27.832" level="INFO">${countOfCreatedServers} = 1</msg>
<status status="PASS" starttime="20200623 10:53:27.831" endtime="20200623 10:53:27.832"></status>
</kw>
<kw name="Convert To String" library="BuiltIn">
<doc>Converts the given item to a Unicode string.</doc>
<arguments>
<arg>${countOfCreatedServers}</arg>
</arguments>
<assign>
<var>${countOfCreatedServers}</var>
</assign>
<msg timestamp="20200623 10:53:27.833" level="INFO">${countOfCreatedServers} = 1</msg>
<status status="PASS" starttime="20200623 10:53:27.832" endtime="20200623 10:53:27.833"></status>
</kw>
<kw name="Should Be Equal" library="BuiltIn">
<doc>Fails if the given objects are unequal.</doc>
<arguments>
<arg>${countOfCreatedServers}</arg>
<arg>1</arg>
</arguments>
<status status="PASS" starttime="20200623 10:53:27.833" endtime="20200623 10:53:27.833"></status>
</kw>
<status status="PASS" starttime="20200623 10:53:24.728" endtime="20200623 10:53:27.834" critical="yes"></status>
</test>
<status status="PASS" starttime="20200623 10:53:24.723" endtime="20200623 10:53:27.835"></status>
</suite>
<status status="PASS" starttime="20200623 10:53:22.133" endtime="20200623 10:53:27.838"></status>
</suite>
<statistics>
<total>
<stat pass="5" fail="0">Critical Tests</stat>
<stat pass="5" fail="0">All Tests</stat>
</total>
<tag>
</tag>
<suite>
<stat pass="5" fail="0" id="s1" name="TestCases">TestCases</stat>
<stat pass="1" fail="0" id="s1-s1" name="TC1 GET Base Url">TestCases.TC1 GET Base Url</stat>
<stat pass="1" fail="0" id="s1-s2" name="TC2 Invalid Input1">TestCases.TC2 Invalid Input1</stat>
<stat pass="1" fail="0" id="s1-s3" name="TC3 Invalid Input2">TestCases.TC3 Invalid Input2</stat>
<stat pass="1" fail="0" id="s1-s4" name="TC4 Case 1">TestCases.TC4 Case 1</stat>
<stat pass="1" fail="0" id="s1-s5" name="TC5 Case 2">TestCases.TC5 Case 2</stat>
</suite>
</statistics>
<errors>
</errors>
</robot>
